<?xml version="1.0" encoding="UTF-8"?>
<coverage generated="1625236368174" clover="3.2.0">
  <project timestamp="1625236368175" name="All files">
    <metrics statements="13" coveredstatements="10" conditionals="2" coveredconditionals="1" methods="6" coveredmethods="4" elements="21" coveredelements="15" complexity="0" loc="13" ncloc="13" packages="1" files="1" classes="1"/>
    <file name="index.js" path="C:\Users\Anudeep\Documents\session19\index.js">
      <metrics statements="13" coveredstatements="10" conditionals="2" coveredconditionals="1" methods="6" coveredmethods="4"/>
      <line num="1" count="1" type="stmt"/>
      <line num="3" count="1" type="stmt"/>
      <line num="5" count="0" type="stmt"/>
      <line num="9" count="1" type="stmt"/>
      <line num="11" count="1" type="stmt"/>
      <line num="13" count="1" type="cond" truecount="1" falsecount="1"/>
      <line num="14" count="1" type="stmt"/>
      <line num="16" count="0" type="stmt"/>
      <line num="23" count="1" type="stmt"/>
      <line num="25" count="1" type="stmt"/>
      <line num="27" count="1" type="stmt"/>
      <line num="28" count="1" type="stmt"/>
      <line num="29" count="0" type="stmt"/>
    </file>
  </project>
</coverage>
